<?xml version="1.0" encoding="UTF-8" ?>
<testsuite tests="0" failures="0" name="TestSuite" time="0.287" errors="0" skipped="0">
  <properties>
    <property name="java.runtime.name" value="Java(TM) SE Runtime Environment"/>
    <property name="sun.boot.library.path" value="E:\Program Files\Java\jdk1.8.0_131\jre\bin"/>
    <property name="java.vm.version" value="25.131-b11"/>
    <property name="java.vm.vendor" value="Oracle Corporation"/>
    <property name="java.vendor.url" value="http://java.oracle.com/"/>
    <property name="path.separator" value=";"/>
    <property name="java.vm.name" value="Java HotSpot(TM) 64-Bit Server VM"/>
    <property name="file.encoding.pkg" value="sun.io"/>
    <property name="user.script" value=""/>
    <property name="user.country" value="CN"/>
    <property name="sun.java.launcher" value="SUN_STANDARD"/>
    <property name="sun.os.patch.level" value=""/>
    <property name="java.vm.specification.name" value="Java Virtual Machine Specification"/>
    <property name="user.dir" value="E:\AutoTest"/>
    <property name="java.runtime.version" value="1.8.0_131-b11"/>
    <property name="java.awt.graphicsenv" value="sun.awt.Win32GraphicsEnvironment"/>
    <property name="basedir" value="E:\AutoTest"/>
    <property name="java.endorsed.dirs" value="E:\Program Files\Java\jdk1.8.0_131\jre\lib\endorsed"/>
    <property name="os.arch" value="amd64"/>
    <property name="surefire.real.class.path" value="E:\AutoTest\target\surefire\surefirebooter6335746711211549735.jar"/>
    <property name="java.io.tmpdir" value="C:\Users\庞非非\AppData\Local\Temp\"/>
    <property name="line.separator" value="
"/>
    <property name="java.vm.specification.vendor" value="Oracle Corporation"/>
    <property name="user.variant" value=""/>
    <property name="os.name" value="Windows 10"/>
    <property name="sun.jnu.encoding" value="GBK"/>
    <property name="java.library.path" value="E:\Program Files\Java\jdk1.8.0_131\jre\bin;C:\WINDOWS\Sun\Java\bin;C:\WINDOWS\system32;C:\WINDOWS;E:\Program Files\Git\mingw64\bin;E:\Program Files\Git\usr\bin;C:\Users\庞非非\bin;C:\ProgramData\Oracle\Java\javapath;C:\WINDOWS\system32;C:\WINDOWS;C:\WINDOWS\System32\Wbem;C:\WINDOWS\System32\WindowsPowerShell\v1.0;C:\WINDOWS\System32\OpenSSH;C:\Program Files\Intel\WiFi\bin;C:\Program Files\Common Files\Intel\WirelessCommon;E:\Program Files\Java\jdk1.8.0_131\bi;E:\Program Files\Java\jdk1.8.0_131\jre\bin&quot;;E:\Python27;E:\Program Files\TortoiseGit\bin;E:\Program Files\TortoiseSVN\bin;C:\Users\庞非非\AppData\Local\Programs\Python\Python36;C:\;Users\庞非非\AppData\Local\Programs\Python\Python36\Scripts;%C;TALINA_HOME%\bin;E:\apache-tomcat-9.0.31\lib;E:\Program Files\Git\cmd;E:\apache-tomcat-9.0.31\lib\servlet-api.jar;E:\apache-tomcat-9.0.31\lib\jsp-api.jar;E:\下载\学习\jar\apache-maven-3.5.2\bin;C:\Program Files\MySQL\MySQL Shell 8.0\bin;C:\Users\庞非非\AppData\Local\Microsoft\WindowsApps;E:\Program Files\Fiddler;E:\Program Files\IntelliJ IDEA 2019.2.4\bin;C:\Users\庞非非\AppData\Local\Microsoft\WindowsApps;."/>
    <property name="surefire.test.class.path" value="E:\AutoTest\target\test-classes;E:\AutoTest\target\classes;E:\学习\maven\repos\org\testng\testng\6.10\testng-6.10.jar;E:\学习\maven\repos\com\beust\jcommander\1.48\jcommander-1.48.jar;E:\学习\maven\repos\javax\mail\mail\1.4\mail-1.4.jar;E:\学习\maven\repos\javax\activation\activation\1.1\activation-1.1.jar;E:\学习\maven\repos\org\seleniumhq\selenium\selenium-java\3.4.0\selenium-java-3.4.0.jar;E:\学习\maven\repos\org\seleniumhq\selenium\selenium-api\3.4.0\selenium-api-3.4.0.jar;E:\学习\maven\repos\org\seleniumhq\selenium\selenium-chrome-driver\3.4.0\selenium-chrome-driver-3.4.0.jar;E:\学习\maven\repos\org\seleniumhq\selenium\selenium-edge-driver\3.4.0\selenium-edge-driver-3.4.0.jar;E:\学习\maven\repos\org\seleniumhq\selenium\selenium-firefox-driver\3.4.0\selenium-firefox-driver-3.4.0.jar;E:\学习\maven\repos\org\seleniumhq\selenium\selenium-ie-driver\3.4.0\selenium-ie-driver-3.4.0.jar;E:\学习\maven\repos\org\seleniumhq\selenium\selenium-opera-driver\3.4.0\selenium-opera-driver-3.4.0.jar;E:\学习\maven\repos\org\seleniumhq\selenium\selenium-remote-driver\3.4.0\selenium-remote-driver-3.4.0.jar;E:\学习\maven\repos\org\seleniumhq\selenium\selenium-safari-driver\3.4.0\selenium-safari-driver-3.4.0.jar;E:\学习\maven\repos\org\seleniumhq\selenium\selenium-support\3.4.0\selenium-support-3.4.0.jar;E:\学习\maven\repos\cglib\cglib-nodep\3.2.4\cglib-nodep-3.2.4.jar;E:\学习\maven\repos\org\apache\commons\commons-exec\1.3\commons-exec-1.3.jar;E:\学习\maven\repos\org\apache\commons\commons-lang3\3.5\commons-lang3-3.5.jar;E:\学习\maven\repos\commons-codec\commons-codec\1.10\commons-codec-1.10.jar;E:\学习\maven\repos\commons-io\commons-io\2.5\commons-io-2.5.jar;E:\学习\maven\repos\commons-logging\commons-logging\1.2\commons-logging-1.2.jar;E:\学习\maven\repos\org\w3c\css\sac\1.3\sac-1.3.jar;E:\学习\maven\repos\net\sourceforge\cssparser\cssparser\0.9.22\cssparser-0.9.22.jar;E:\学习\maven\repos\com\google\code\gson\gson\2.8.0\gson-2.8.0.jar;E:\学习\maven\repos\com\google\guava\guava\21.0\guava-21.0.jar;E:\学习\maven\repos\org\hamcrest\hamcrest-core\1.3\hamcrest-core-1.3.jar;E:\学习\maven\repos\net\sourceforge\htmlunit\htmlunit\2.26\htmlunit-2.26.jar;E:\学习\maven\repos\net\sourceforge\htmlunit\htmlunit-core-js\2.26\htmlunit-core-js-2.26.jar;E:\学习\maven\repos\net\sourceforge\htmlunit\neko-htmlunit\2.25\neko-htmlunit-2.25.jar;E:\学习\maven\repos\org\apache\httpcomponents\httpclient\4.5.3\httpclient-4.5.3.jar;E:\学习\maven\repos\org\apache\httpcomponents\httpcore\4.4.6\httpcore-4.4.6.jar;E:\学习\maven\repos\org\apache\httpcomponents\httpmime\4.5.3\httpmime-4.5.3.jar;E:\学习\maven\repos\org\eclipse\jetty\jetty-io\9.4.1.v20170120\jetty-io-9.4.1.v20170120.jar;E:\学习\maven\repos\org\eclipse\jetty\jetty-util\9.4.1.v20170120\jetty-util-9.4.1.v20170120.jar;E:\学习\maven\repos\net\java\dev\jna\jna\4.1.0\jna-4.1.0.jar;E:\学习\maven\repos\net\java\dev\jna\jna-platform\4.1.0\jna-platform-4.1.0.jar;E:\学习\maven\repos\junit\junit\4.12\junit-4.12.jar;E:\学习\maven\repos\com\codeborne\phantomjsdriver\1.4.0\phantomjsdriver-1.4.0.jar;E:\学习\maven\repos\org\seleniumhq\selenium\htmlunit-driver\2.26\htmlunit-driver-2.26.jar;E:\学习\maven\repos\javax\servlet\javax.servlet-api\3.1.0\javax.servlet-api-3.1.0.jar;E:\学习\maven\repos\org\eclipse\jetty\websocket\websocket-api\9.4.3.v20170317\websocket-api-9.4.3.v20170317.jar;E:\学习\maven\repos\org\eclipse\jetty\websocket\websocket-client\9.4.3.v20170317\websocket-client-9.4.3.v20170317.jar;E:\学习\maven\repos\org\eclipse\jetty\jetty-client\9.4.3.v20170317\jetty-client-9.4.3.v20170317.jar;E:\学习\maven\repos\org\eclipse\jetty\jetty-http\9.4.3.v20170317\jetty-http-9.4.3.v20170317.jar;E:\学习\maven\repos\org\eclipse\jetty\websocket\websocket-common\9.4.3.v20170317\websocket-common-9.4.3.v20170317.jar;E:\学习\maven\repos\xalan\serializer\2.7.2\serializer-2.7.2.jar;E:\学习\maven\repos\xalan\xalan\2.7.2\xalan-2.7.2.jar;E:\学习\maven\repos\xerces\xercesImpl\2.11.0\xercesImpl-2.11.0.jar;E:\学习\maven\repos\xml-apis\xml-apis\1.4.01\xml-apis-1.4.01.jar;E:\学习\maven\repos\org\apache\poi\poi\3.10-FINAL\poi-3.10-FINAL.jar;E:\学习\maven\repos\org\apache\poi\poi-ooxml\3.10-FINAL\poi-ooxml-3.10-FINAL.jar;E:\学习\maven\repos\org\apache\poi\poi-ooxml-schemas\3.10-FINAL\poi-ooxml-schemas-3.10-FINAL.jar;E:\学习\maven\repos\org\apache\xmlbeans\xmlbeans\2.3.0\xmlbeans-2.3.0.jar;E:\学习\maven\repos\stax\stax-api\1.0.1\stax-api-1.0.1.jar;E:\学习\maven\repos\dom4j\dom4j\1.6.1\dom4j-1.6.1.jar;E:\学习\maven\repos\org\jxls\jxls-jexcel\1.0.6\jxls-jexcel-1.0.6.jar;E:\学习\maven\repos\org\jxls\jxls\2.9.0\jxls-2.9.0.jar;E:\学习\maven\repos\org\apache\commons\commons-jexl3\3.1\commons-jexl3-3.1.jar;E:\学习\maven\repos\commons-beanutils\commons-beanutils\1.9.4\commons-beanutils-1.9.4.jar;E:\学习\maven\repos\commons-collections\commons-collections\3.2.2\commons-collections-3.2.2.jar;E:\学习\maven\repos\ch\qos\logback\logback-core\1.2.3\logback-core-1.2.3.jar;E:\学习\maven\repos\net\sourceforge\jexcelapi\jxl\2.6.10\jxl-2.6.10.jar;E:\学习\maven\repos\log4j\log4j\1.2.14\log4j-1.2.14.jar;E:\学习\maven\repos\org\apache\commons\commons-jexl\2.1.1\commons-jexl-2.1.1.jar;E:\学习\maven\repos\org\slf4j\slf4j-api\1.7.12\slf4j-api-1.7.12.jar;E:\学习\maven\repos\org\slf4j\jcl-over-slf4j\1.7.12\jcl-over-slf4j-1.7.12.jar;E:\学习\maven\repos\org\uncommons\reportng\1.1.2\reportng-1.1.2.jar;E:\学习\maven\repos\org\testng\testng\5.0\testng-5.0-jdk15.jar;E:\学习\maven\repos\ant\ant\1.6.5\ant-1.6.5.jar;E:\学习\maven\repos\velocity\velocity\1.4\velocity-1.4.jar;E:\学习\maven\repos\velocity\velocity-dep\1.4\velocity-dep-1.4.jar;E:\学习\maven\repos\com\google\inject\guice\3.0\guice-3.0.jar;E:\学习\maven\repos\javax\inject\javax.inject\1\javax.inject-1.jar;E:\学习\maven\repos\aopalliance\aopalliance\1.0\aopalliance-1.0.jar;"/>
    <property name="java.specification.name" value="Java Platform API Specification"/>
    <property name="java.class.version" value="52.0"/>
    <property name="sun.management.compiler" value="HotSpot 64-Bit Tiered Compilers"/>
    <property name="os.version" value="10.0"/>
    <property name="user.home" value="C:\Users\庞非非"/>
    <property name="user.timezone" value=""/>
    <property name="java.awt.printerjob" value="sun.awt.windows.WPrinterJob"/>
    <property name="java.specification.version" value="1.8"/>
    <property name="file.encoding" value="GBK"/>
    <property name="user.name" value="庞非非"/>
    <property name="java.class.path" value="E:\AutoTest\target\test-classes;E:\AutoTest\target\classes;E:\学习\maven\repos\org\testng\testng\6.10\testng-6.10.jar;E:\学习\maven\repos\com\beust\jcommander\1.48\jcommander-1.48.jar;E:\学习\maven\repos\javax\mail\mail\1.4\mail-1.4.jar;E:\学习\maven\repos\javax\activation\activation\1.1\activation-1.1.jar;E:\学习\maven\repos\org\seleniumhq\selenium\selenium-java\3.4.0\selenium-java-3.4.0.jar;E:\学习\maven\repos\org\seleniumhq\selenium\selenium-api\3.4.0\selenium-api-3.4.0.jar;E:\学习\maven\repos\org\seleniumhq\selenium\selenium-chrome-driver\3.4.0\selenium-chrome-driver-3.4.0.jar;E:\学习\maven\repos\org\seleniumhq\selenium\selenium-edge-driver\3.4.0\selenium-edge-driver-3.4.0.jar;E:\学习\maven\repos\org\seleniumhq\selenium\selenium-firefox-driver\3.4.0\selenium-firefox-driver-3.4.0.jar;E:\学习\maven\repos\org\seleniumhq\selenium\selenium-ie-driver\3.4.0\selenium-ie-driver-3.4.0.jar;E:\学习\maven\repos\org\seleniumhq\selenium\selenium-opera-driver\3.4.0\selenium-opera-driver-3.4.0.jar;E:\学习\maven\repos\org\seleniumhq\selenium\selenium-remote-driver\3.4.0\selenium-remote-driver-3.4.0.jar;E:\学习\maven\repos\org\seleniumhq\selenium\selenium-safari-driver\3.4.0\selenium-safari-driver-3.4.0.jar;E:\学习\maven\repos\org\seleniumhq\selenium\selenium-support\3.4.0\selenium-support-3.4.0.jar;E:\学习\maven\repos\cglib\cglib-nodep\3.2.4\cglib-nodep-3.2.4.jar;E:\学习\maven\repos\org\apache\commons\commons-exec\1.3\commons-exec-1.3.jar;E:\学习\maven\repos\org\apache\commons\commons-lang3\3.5\commons-lang3-3.5.jar;E:\学习\maven\repos\commons-codec\commons-codec\1.10\commons-codec-1.10.jar;E:\学习\maven\repos\commons-io\commons-io\2.5\commons-io-2.5.jar;E:\学习\maven\repos\commons-logging\commons-logging\1.2\commons-logging-1.2.jar;E:\学习\maven\repos\org\w3c\css\sac\1.3\sac-1.3.jar;E:\学习\maven\repos\net\sourceforge\cssparser\cssparser\0.9.22\cssparser-0.9.22.jar;E:\学习\maven\repos\com\google\code\gson\gson\2.8.0\gson-2.8.0.jar;E:\学习\maven\repos\com\google\guava\guava\21.0\guava-21.0.jar;E:\学习\maven\repos\org\hamcrest\hamcrest-core\1.3\hamcrest-core-1.3.jar;E:\学习\maven\repos\net\sourceforge\htmlunit\htmlunit\2.26\htmlunit-2.26.jar;E:\学习\maven\repos\net\sourceforge\htmlunit\htmlunit-core-js\2.26\htmlunit-core-js-2.26.jar;E:\学习\maven\repos\net\sourceforge\htmlunit\neko-htmlunit\2.25\neko-htmlunit-2.25.jar;E:\学习\maven\repos\org\apache\httpcomponents\httpclient\4.5.3\httpclient-4.5.3.jar;E:\学习\maven\repos\org\apache\httpcomponents\httpcore\4.4.6\httpcore-4.4.6.jar;E:\学习\maven\repos\org\apache\httpcomponents\httpmime\4.5.3\httpmime-4.5.3.jar;E:\学习\maven\repos\org\eclipse\jetty\jetty-io\9.4.1.v20170120\jetty-io-9.4.1.v20170120.jar;E:\学习\maven\repos\org\eclipse\jetty\jetty-util\9.4.1.v20170120\jetty-util-9.4.1.v20170120.jar;E:\学习\maven\repos\net\java\dev\jna\jna\4.1.0\jna-4.1.0.jar;E:\学习\maven\repos\net\java\dev\jna\jna-platform\4.1.0\jna-platform-4.1.0.jar;E:\学习\maven\repos\junit\junit\4.12\junit-4.12.jar;E:\学习\maven\repos\com\codeborne\phantomjsdriver\1.4.0\phantomjsdriver-1.4.0.jar;E:\学习\maven\repos\org\seleniumhq\selenium\htmlunit-driver\2.26\htmlunit-driver-2.26.jar;E:\学习\maven\repos\javax\servlet\javax.servlet-api\3.1.0\javax.servlet-api-3.1.0.jar;E:\学习\maven\repos\org\eclipse\jetty\websocket\websocket-api\9.4.3.v20170317\websocket-api-9.4.3.v20170317.jar;E:\学习\maven\repos\org\eclipse\jetty\websocket\websocket-client\9.4.3.v20170317\websocket-client-9.4.3.v20170317.jar;E:\学习\maven\repos\org\eclipse\jetty\jetty-client\9.4.3.v20170317\jetty-client-9.4.3.v20170317.jar;E:\学习\maven\repos\org\eclipse\jetty\jetty-http\9.4.3.v20170317\jetty-http-9.4.3.v20170317.jar;E:\学习\maven\repos\org\eclipse\jetty\websocket\websocket-common\9.4.3.v20170317\websocket-common-9.4.3.v20170317.jar;E:\学习\maven\repos\xalan\serializer\2.7.2\serializer-2.7.2.jar;E:\学习\maven\repos\xalan\xalan\2.7.2\xalan-2.7.2.jar;E:\学习\maven\repos\xerces\xercesImpl\2.11.0\xercesImpl-2.11.0.jar;E:\学习\maven\repos\xml-apis\xml-apis\1.4.01\xml-apis-1.4.01.jar;E:\学习\maven\repos\org\apache\poi\poi\3.10-FINAL\poi-3.10-FINAL.jar;E:\学习\maven\repos\org\apache\poi\poi-ooxml\3.10-FINAL\poi-ooxml-3.10-FINAL.jar;E:\学习\maven\repos\org\apache\poi\poi-ooxml-schemas\3.10-FINAL\poi-ooxml-schemas-3.10-FINAL.jar;E:\学习\maven\repos\org\apache\xmlbeans\xmlbeans\2.3.0\xmlbeans-2.3.0.jar;E:\学习\maven\repos\stax\stax-api\1.0.1\stax-api-1.0.1.jar;E:\学习\maven\repos\dom4j\dom4j\1.6.1\dom4j-1.6.1.jar;E:\学习\maven\repos\org\jxls\jxls-jexcel\1.0.6\jxls-jexcel-1.0.6.jar;E:\学习\maven\repos\org\jxls\jxls\2.9.0\jxls-2.9.0.jar;E:\学习\maven\repos\org\apache\commons\commons-jexl3\3.1\commons-jexl3-3.1.jar;E:\学习\maven\repos\commons-beanutils\commons-beanutils\1.9.4\commons-beanutils-1.9.4.jar;E:\学习\maven\repos\commons-collections\commons-collections\3.2.2\commons-collections-3.2.2.jar;E:\学习\maven\repos\ch\qos\logback\logback-core\1.2.3\logback-core-1.2.3.jar;E:\学习\maven\repos\net\sourceforge\jexcelapi\jxl\2.6.10\jxl-2.6.10.jar;E:\学习\maven\repos\log4j\log4j\1.2.14\log4j-1.2.14.jar;E:\学习\maven\repos\org\apache\commons\commons-jexl\2.1.1\commons-jexl-2.1.1.jar;E:\学习\maven\repos\org\slf4j\slf4j-api\1.7.12\slf4j-api-1.7.12.jar;E:\学习\maven\repos\org\slf4j\jcl-over-slf4j\1.7.12\jcl-over-slf4j-1.7.12.jar;E:\学习\maven\repos\org\uncommons\reportng\1.1.2\reportng-1.1.2.jar;E:\学习\maven\repos\org\testng\testng\5.0\testng-5.0-jdk15.jar;E:\学习\maven\repos\ant\ant\1.6.5\ant-1.6.5.jar;E:\学习\maven\repos\velocity\velocity\1.4\velocity-1.4.jar;E:\学习\maven\repos\velocity\velocity-dep\1.4\velocity-dep-1.4.jar;E:\学习\maven\repos\com\google\inject\guice\3.0\guice-3.0.jar;E:\学习\maven\repos\javax\inject\javax.inject\1\javax.inject-1.jar;E:\学习\maven\repos\aopalliance\aopalliance\1.0\aopalliance-1.0.jar;"/>
    <property name="java.vm.specification.version" value="1.8"/>
    <property name="sun.arch.data.model" value="64"/>
    <property name="java.home" value="E:\Program Files\Java\jdk1.8.0_131\jre"/>
    <property name="sun.java.command" value="E:\AutoTest\target\surefire\surefirebooter6335746711211549735.jar E:\AutoTest\target\surefire\surefire6069565734703025598tmp E:\AutoTest\target\surefire\surefire3026513089772741975tmp"/>
    <property name="java.specification.vendor" value="Oracle Corporation"/>
    <property name="user.language" value="zh"/>
    <property name="awt.toolkit" value="sun.awt.windows.WToolkit"/>
    <property name="java.vm.info" value="mixed mode"/>
    <property name="java.version" value="1.8.0_131"/>
    <property name="java.ext.dirs" value="E:\Program Files\Java\jdk1.8.0_131\jre\lib\ext;C:\WINDOWS\Sun\Java\lib\ext"/>
    <property name="sun.boot.class.path" value="E:\Program Files\Java\jdk1.8.0_131\jre\lib\resources.jar;E:\Program Files\Java\jdk1.8.0_131\jre\lib\rt.jar;E:\Program Files\Java\jdk1.8.0_131\jre\lib\sunrsasign.jar;E:\Program Files\Java\jdk1.8.0_131\jre\lib\jsse.jar;E:\Program Files\Java\jdk1.8.0_131\jre\lib\jce.jar;E:\Program Files\Java\jdk1.8.0_131\jre\lib\charsets.jar;E:\Program Files\Java\jdk1.8.0_131\jre\lib\jfr.jar;E:\Program Files\Java\jdk1.8.0_131\jre\classes"/>
    <property name="java.vendor" value="Oracle Corporation"/>
    <property name="localRepository" value="E:\学习\maven\repos"/>
    <property name="file.separator" value="\"/>
    <property name="java.vendor.url.bug" value="http://bugreport.sun.com/bugreport/"/>
    <property name="sun.cpu.endian" value="little"/>
    <property name="sun.io.unicode.encoding" value="UnicodeLittle"/>
    <property name="sun.desktop" value="windows"/>
    <property name="sun.cpu.isalist" value="amd64"/>
  </properties>
</testsuite>