<?xml version="1.0" encoding="UTF-8"?>
<!-- Generated by org.testng.reporters.JUnitReportReporter -->
<testsuite name="Tool.OpenBrowser" tests="5" time="51.701" ignored="0" failures="0" timestamp="14 一月 2021 02:22:23 GMT" skipped="0" hostname="LAPTOP-DRLF2I6H" errors="0">
  <testcase name="Incar" time="5.536" classname="Tool.OpenBrowser"/>
  <testcase name="loginOut" time="5.203" classname="Tool.OpenBrowser"/>
  <testcase name="openUrl" time="9.810" classname="Tool.OpenBrowser"/>
  <testcase name="load" time="15.980" classname="Tool.OpenBrowser"/>
  <testcase name="searchGoods" time="15.172" classname="Tool.OpenBrowser"/>
</testsuite> <!-- Tool.OpenBrowser -->
